<?xml version="1.0" encoding="utf-8"?><testsuites name="pytest tests"><testsuite name="pytest" errors="0" failures="0" skipped="0" tests="40" time="20.019" timestamp="2026-05-24T05:21:53.578532+00:00" hostname="agent-env-6afb0331-c17f-40d9-a63d-0512b37adf44"><testcase classname="tests.test_wardrobe_api.TestHealth" name="test_root" time="0.283" /><testcase classname="tests.test_wardrobe_api.TestAuth" name="test_register_returns_token_and_user" time="0.284" /><testcase classname="tests.test_wardrobe_api.TestAuth" name="test_register_duplicate_email_fails" time="0.055" /><testcase classname="tests.test_wardrobe_api.TestAuth" name="test_login_success_returns_token" time="0.276" /><testcase classname="tests.test_wardrobe_api.TestAuth" name="test_login_wrong_password" time="0.276" /><testcase classname="tests.test_wardrobe_api.TestAuth" name="test_me_with_valid_token" time="0.054" /><testcase classname="tests.test_wardrobe_api.TestAuth" name="test_me_without_token_401" time="0.051" /><testcase classname="tests.test_wardrobe_api.TestAuth" name="test_me_with_invalid_token_401" time="0.051" /><testcase classname="tests.test_wardrobe_api.TestAuth" name="test_update_profile" time="0.107" /><testcase classname="tests.test_wardrobe_api.TestAITagItem" name="test_tag_real_image" time="1.609" /><testcase classname="tests.test_wardrobe_api.TestAITagItem" name="test_tag_requires_auth" time="0.062" /><testcase classname="tests.test_wardrobe_api.TestItemsCRUD" name="test_create_item_auto_tags" time="1.822" /><testcase classname="tests.test_wardrobe_api.TestItemsCRUD" name="test_create_item_with_provided_tags" time="0.150" /><testcase classname="tests.test_wardrobe_api.TestItemsCRUD" name="test_create_item_third" time="0.151" /><testcase classname="tests.test_wardrobe_api.TestItemsCRUD" name="test_list_items" time="0.071" /><testcase classname="tests.test_wardrobe_api.TestItemsCRUD" name="test_list_items_filter_category" time="0.056" /><testcase classname="tests.test_wardrobe_api.TestItemsCRUD" name="test_list_items_filter_color" time="0.056" /><testcase classname="tests.test_wardrobe_api.TestItemsCRUD" name="test_get_item_by_id" time="0.056" /><testcase classname="tests.test_wardrobe_api.TestItemsCRUD" name="test_get_item_not_found" time="0.052" /><testcase classname="tests.test_wardrobe_api.TestItemsCRUD" name="test_update_item" time="0.105" /><testcase classname="tests.test_wardrobe_api.TestItemsCRUD" name="test_list_items_filter_favorite" time="0.051" /><testcase classname="tests.test_wardrobe_api.TestItemsCRUD" name="test_items_require_auth" time="0.050" /><testcase classname="tests.test_wardrobe_api.TestAuthScoping" name="test_user_b_cannot_see_user_a_items" time="0.324" /><testcase classname="tests.test_wardrobe_api.TestAuthScoping" name="test_user_b_cannot_get_user_a_item" time="0.052" /><testcase classname="tests.test_wardrobe_api.TestAuthScoping" name="test_user_b_cannot_update_user_a_item" time="0.049" /><testcase classname="tests.test_wardrobe_api.TestAuthScoping" name="test_user_b_cannot_delete_user_a_item" time="0.051" /><testcase classname="tests.test_wardrobe_api.TestAIStylist" name="test_stylist_returns_outfits_with_user_ids" time="6.767" /><testcase classname="tests.test_wardrobe_api.TestAIStylist" name="test_stylist_empty_closet_for_user_b" time="0.053" /><testcase classname="tests.test_wardrobe_api.TestOutfits" name="test_save_and_list_outfit" time="0.103" /><testcase classname="tests.test_wardrobe_api.TestOutfits" name="test_favorite_outfit_toggle" time="0.118" /><testcase classname="tests.test_wardrobe_api.TestOutfits" name="test_delete_outfit_and_verify_gone" time="0.096" /><testcase classname="tests.test_wardrobe_api.TestOutfits" name="test_delete_outfit_not_found" time="0.051" /><testcase classname="tests.test_wardrobe_api.TestLookbooks" name="test_list_lookbooks" time="0.053" /><testcase classname="tests.test_wardrobe_api.TestLookbooks" name="test_get_lookbook_detail" time="0.055" /><testcase classname="tests.test_wardrobe_api.TestLookbooks" name="test_get_lookbook_not_found" time="0.050" /><testcase classname="tests.test_wardrobe_api.TestLookbooks" name="test_recreate_lookbook_for_user_with_items" time="2.766" /><testcase classname="tests.test_wardrobe_api.TestLookbooks" name="test_recreate_lookbook_empty_closet" time="0.053" /><testcase classname="tests.test_wardrobe_api.TestCameraRollScan" name="test_scan_camera_roll" time="3.464" /><testcase classname="tests.test_wardrobe_api.TestItemDelete" name="test_delete_item_and_verify_gone" time="0.102" /><testcase classname="tests.test_wardrobe_api.TestItemDelete" name="test_delete_item_not_found" time="0.051" /></testsuite></testsuites>